0 info it worked if it ends with ok
1 verbose cli [ '/usr/local/Cellar/node/7.5.0/bin/node',
1 verbose cli   '/usr/local/bin/npm',
1 verbose cli   'run',
1 verbose cli   'deploy' ]
2 info using npm@4.1.2
3 info using node@v7.5.0
4 verbose run-script [ 'predeploy', 'deploy', 'postdeploy' ]
5 info lifecycle longboat-web@1.0.0~predeploy: longboat-web@1.0.0
6 silly lifecycle longboat-web@1.0.0~predeploy: no script for predeploy, continuing
7 info lifecycle longboat-web@1.0.0~deploy: longboat-web@1.0.0
8 verbose lifecycle longboat-web@1.0.0~deploy: unsafe-perm in lifecycle true
9 verbose lifecycle longboat-web@1.0.0~deploy: PATH: /usr/local/lib/node_modules/npm/bin/node-gyp-bin:/Users/michaelpiazza/development/longboat/site/node_modules/.bin:/Users/michaelpiazza/.opam/4.02.1/bin:/usr/local/bin:/usr/bin:/bin:/usr/sbin:/sbin:/opt/X11/bin:/Users/michaelpiazza/.opam/4.02.1/bin:/usr/local/smlnj/bin:/Users/michaelpiazza/.rvm/bin:/usr/local/smlnj/bin:/Users/michaelpiazza/.rvm/bin
10 verbose lifecycle longboat-web@1.0.0~deploy: CWD: /Users/michaelpiazza/development/longboat/site
11 silly lifecycle longboat-web@1.0.0~deploy: Args: [ '-c', 'npm run build && gh-pages -d src/dist' ]
12 silly lifecycle longboat-web@1.0.0~deploy: Returned: code: 1  signal: null
13 info lifecycle longboat-web@1.0.0~deploy: Failed to exec deploy script
14 verbose stack Error: longboat-web@1.0.0 deploy: `npm run build && gh-pages -d src/dist`
14 verbose stack Exit status 1
14 verbose stack     at EventEmitter.<anonymous> (/usr/local/lib/node_modules/npm/lib/utils/lifecycle.js:279:16)
14 verbose stack     at emitTwo (events.js:106:13)
14 verbose stack     at EventEmitter.emit (events.js:192:7)
14 verbose stack     at ChildProcess.<anonymous> (/usr/local/lib/node_modules/npm/lib/utils/spawn.js:40:14)
14 verbose stack     at emitTwo (events.js:106:13)
14 verbose stack     at ChildProcess.emit (events.js:192:7)
14 verbose stack     at maybeClose (internal/child_process.js:890:16)
14 verbose stack     at Process.ChildProcess._handle.onexit (internal/child_process.js:226:5)
15 verbose pkgid longboat-web@1.0.0
16 verbose cwd /Users/michaelpiazza/development/longboat/site/src
17 error Darwin 17.2.0
18 error argv "/usr/local/Cellar/node/7.5.0/bin/node" "/usr/local/bin/npm" "run" "deploy"
19 error node v7.5.0
20 error npm  v4.1.2
21 error code ELIFECYCLE
22 error longboat-web@1.0.0 deploy: `npm run build && gh-pages -d src/dist`
22 error Exit status 1
23 error Failed at the longboat-web@1.0.0 deploy script 'npm run build && gh-pages -d src/dist'.
23 error Make sure you have the latest version of node.js and npm installed.
23 error If you do, this is most likely a problem with the longboat-web package,
23 error not with npm itself.
23 error Tell the author that this fails on your system:
23 error     npm run build && gh-pages -d src/dist
23 error You can get information on how to open an issue for this project with:
23 error     npm bugs longboat-web
23 error Or if that isn't available, you can get their info via:
23 error     npm owner ls longboat-web
23 error There is likely additional logging output above.
24 verbose exit [ 1, true ]
